ok
ok
Building prefix dict from the default dictionary ...
Loading model from cache /tmp/jieba.cache
Loading model cost 0.366 seconds.
Prefix dict has been built succesfully.
开始载入数据
数据载入完毕
Building prefix dict from the default dictionary ...
Loading model from cache /tmp/jieba.cache
Loading model cost 0.392 seconds.
Prefix dict has been built succesfully.
开始载入数据
数据载入完毕
第1段跑完
开始载入数据
数据载入完毕
第2段跑完
开始载入数据
数据载入完毕
第3段跑完
开始载入数据
数据载入完毕
第4段跑完
开始载入数据
数据载入完毕
第5段跑完
开始载入数据
数据载入完毕
第6段跑完
开始载入数据
数据载入完毕
第7段跑完
开始载入数据
数据载入完毕
第8段跑完
开始载入数据
数据载入完毕
第9段跑完
Building prefix dict from the default dictionary ...
Loading model from cache /tmp/jieba.cache
Loading model cost 0.419 seconds.
Prefix dict has been built succesfully.
/data/soft/anaconda/lib/python2.7/site-packages/sklearn/model_selection/_split.py:2010: FutureWarning: From version 0.21, test_size will always complement train_size unless both are specified.
  FutureWarning)
开始载入数据
数据载入完毕
199==============================
374636
225958
209==============================
408496
261973
4==============================
258767
92666
114==============================
213368
113226
6==============================
149932
39780
164==============================
99531
36178
9==============================
335897
66795
训练完成!
/data/soft/anaconda/lib/python2.7/site-packages/sklearn/model_selection/_split.py:597: Warning: The least populated class in y has only 1 members, which is too few. The minimum number of members in any class cannot be less than n_splits=2.
  % (min_groups, self.n_splits)), Warning)
训练完成!
269==============================
65049
268==============================
17397
271==============================
53576
267==============================
55964
298==============================
55036
297==============================
63867
270==============================
63744
214==============================
82590
275==============================
80404
276==============================
80401
277==============================
81148
296==============================
79545
480==============================
4406
256==============================
40537
258==============================
10987
257==============================
54196
255==============================
50384
360==============================
51172
259==============================
51489
264==============================
35745
265==============================
46006
266==============================
44421
201==============================
43365
282==============================
43828
260==============================
56173
272==============================
13901
198==============================
8316
220==============================
27295
261==============================
44246
262==============================
23154
289==============================
21824
263==============================
21390
284==============================
21629
283==============================
780
197==============================
10752
236==============================
56367
237==============================
57601
254==============================
25580
279==============================
46372
309==============================
49820
381==============================
49528
382==============================
50626
训练完成!
199==============================
209==============================
4==============================
114==============================
6==============================
164==============================
9==============================
Building prefix dict from the default dictionary ...
Loading model from cache /tmp/jieba.cache
Loading model cost 0.398 seconds.
Prefix dict has been built succesfully.
/data/soft/anaconda/lib/python2.7/site-packages/sklearn/model_selection/_split.py:2010: FutureWarning: From version 0.21, test_size will always complement train_size unless both are specified.
  FutureWarning)
开始载入数据
数据载入完毕
199==============================
388518
233392
209==============================
421772
271184
4==============================
260112
93301
114==============================
216808
115195
6==============================
152183
40330
164==============================
102250
37167
9==============================
335897
66795
/data/soft/anaconda/lib/python2.7/site-packages/sklearn/model_selection/_split.py:597: Warning: The least populated class in y has only 1 members, which is too few. The minimum number of members in any class cannot be less than n_splits=2.
  % (min_groups, self.n_splits)), Warning)
训练完成!
269==============================
67486
268==============================
17397
271==============================
55720
267==============================
58213
298==============================
57416
297==============================
66181
270==============================
66102
214==============================
85059
275==============================
82519
276==============================
82520
277==============================
83449
296==============================
81640
480==============================
6584
256==============================
40731
258==============================
10987
257==============================
54497
255==============================
50640
360==============================
51472
259==============================
51782
264==============================
36427
265==============================
46752
266==============================
45012
201==============================
43962
282==============================
44654
260==============================
57036
272==============================
13916
198==============================
8483
220==============================
27917
261==============================
44829
262==============================
23617
289==============================
22292
263==============================
21886
284==============================
22099
283==============================
1260
197==============================
11093
236==============================
56367
237==============================
57601
254==============================
25580
279==============================
46372
309==============================
49820
381==============================
49528
382==============================
50626
训练完成!
199==============================
209==============================
4==============================
114==============================
6==============================
164==============================
9==============================
